<?xml version="1.0" encoding="UTF-8"?>
<testsuite xmlns:xsi="http://www.w3.org/2001/XMLSchema-instance" xsi:noNamespaceSchemaLocation="https://maven.apache.org/surefire/maven-surefire-plugin/xsd/surefire-test-report-3.0.xsd" version="3.0" name="com.sriram.nerapplication.NerApplicationTests" time="11.093" tests="1" errors="1" skipped="0" failures="0">
  <properties>
[...]
</properties>
  <testcase name="contextLoads" classname="com.sriram.nerapplication.NerApplicationTests" time="0.044">
    <error message="Failed to load ApplicationContext for [WebMergedContextConfiguration@17092fff testClass = com.sriram.nerapplication.NerApplicationTests, locations = [], classes = [com.sriram.nerapplication.NerApplication], contextInitializerClasses = [], activeProfiles = [], propertySourceDescriptors = [], propertySourceProperties = [&quot;org.springframework.boot.test.context.SpringBootTestContextBootstrapper=true&quot;], contextCustomizers = [org.springframework.boot.test.context.filter.ExcludeFilterContextCustomizer@1c742ed4, org.springframework.boot.test.json.DuplicateJsonObjectContextCustomizerFactory$DuplicateJsonObjectContextCustomizer@69c81773, org.springframework.boot.test.mock.mockito.MockitoContextCustomizer@0, org.springframework.boot.test.web.client.TestRestTemplateContextCustomizer@210ab13f, org.springframework.boot.test.web.reactor.netty.DisableReactorResourceFactoryGlobalResourcesContextCustomizerFactory$DisableReactorResourceFactoryGlobalResourcesContextCustomizerCustomizer@71687585, org.springframework.boot.test.autoconfigure.actuate.observability.ObservabilityContextCustomizerFactory$DisableObservabilityContextCustomizer@1f, org.springframework.boot.test.autoconfigure.properties.PropertyMappingContextCustomizer@0, org.springframework.boot.test.autoconfigure.web.servlet.WebDriverContextCustomizer@1f9f6368, org.springframework.boot.test.context.SpringBootTestAnnotation@e1d423cc], resourceBasePath = &quot;src/main/webapp&quot;, contextLoader = org.springframework.boot.test.context.SpringBootContextLoader, parent = null]" type="java.lang.IllegalStateException"><![CDATA[java.lang.IllegalStateException: Failed to load ApplicationContext for [WebMergedContextConfiguration@17092fff testClass = com.sriram.nerapplication.NerApplicationTests, locations = [], classes = [com.sriram.nerapplication.NerApplication], contextInitializerClasses = [], activeProfiles = [], propertySourceDescriptors = [], propertySourceProperties = ["org.springframework.boot.test.context.SpringBootTestContextBootstrapper=true"], contextCustomizers = [org.springframework.boot.test.context.filter.ExcludeFilterContextCustomizer@1c742ed4, org.springframework.boot.test.json.DuplicateJsonObjectContextCustomizerFactory$DuplicateJsonObjectContextCustomizer@69c81773, org.springframework.boot.test.mock.mockito.MockitoContextCustomizer@0, org.springframework.boot.test.web.client.TestRestTemplateContextCustomizer@210ab13f, org.springframework.boot.test.web.reactor.netty.DisableReactorResourceFactoryGlobalResourcesContextCustomizerFactory$DisableReactorResourceFactoryGlobalResourcesContextCustomizerCustomizer@71687585, org.springframework.boot.test.autoconfigure.actuate.observability.ObservabilityContextCustomizerFactory$DisableObservabilityContextCustomizer@1f, org.springframework.boot.test.autoconfigure.properties.PropertyMappingContextCustomizer@0, org.springframework.boot.test.autoconfigure.web.servlet.WebDriverContextCustomizer@1f9f6368, org.springframework.boot.test.context.SpringBootTestAnnotation@e1d423cc], resourceBasePath = "src/main/webapp", contextLoader = org.springframework.boot.test.context.SpringBootContextLoader, parent = null]
	at org.springframework.test.context.cache.DefaultCacheAwareContextLoaderDelegate.loadContext(DefaultCacheAwareContextLoaderDelegate.java:180)
	at org.springframework.test.context.support.DefaultTestContext.getApplicationContext(DefaultTestContext.java:130)
	at org.springframework.test.context.web.ServletTestExecutionListener.setUpRequestContextIfNecessary(ServletTestExecutionListener.java:191)
	at org.springframework.test.context.web.ServletTestExecutionListener.prepareTestInstance(ServletTestExecutionListener.java:130)
	at org.springframework.test.context.TestContextManager.prepareTestInstance(TestContextManager.java:260)
	at org.springframework.test.context.junit.jupiter.SpringExtension.postProcessTestInstance(SpringExtension.java:163)
	at java.base/java.util.stream.ReferencePipeline$3$1.accept(ReferencePipeline.java:197)
	at java.base/java.util.stream.ReferencePipeline$2$1.accept(ReferencePipeline.java:179)
	at java.base/java.util.ArrayList$ArrayListSpliterator.forEachRemaining(ArrayList.java:1625)
	at java.base/java.util.stream.AbstractPipeline.copyInto(AbstractPipeline.java:509)
	at java.base/java.util.stream.AbstractPipeline.wrapAndCopyInto(AbstractPipeline.java:499)
	at java.base/java.util.stream.StreamSpliterators$WrappingSpliterator.forEachRemaining(StreamSpliterators.java:310)
	at java.base/java.util.stream.Streams$ConcatSpliterator.forEachRemaining(Streams.java:735)
	at java.base/java.util.stream.Streams$ConcatSpliterator.forEachRemaining(Streams.java:734)
	at java.base/java.util.stream.ReferencePipeline$Head.forEach(ReferencePipeline.java:762)
	at java.base/java.util.Optional.orElseGet(Optional.java:364)
	at java.base/java.util.ArrayList.forEach(ArrayList.java:1511)
	at java.base/java.util.ArrayList.forEach(ArrayList.java:1511)
Caused by: org.springframework.beans.factory.BeanCreationException: Error creating bean with name 'stanfordCoreNLP' defined in class path resource [com/sriram/nerapplication/core/Pipeline.class]: Failed to instantiate [edu.stanford.nlp.pipeline.StanfordCoreNLP]: Factory method 'getInstance' threw exception with message: Error creating edu.stanford.nlp.time.TimeExpressionExtractorImpl
	at org.springframework.beans.factory.support.ConstructorResolver.instantiate(ConstructorResolver.java:648)
	at org.springframework.beans.factory.support.ConstructorResolver.instantiateUsingFactoryMethod(ConstructorResolver.java:485)
	at org.springframework.beans.factory.support.AbstractAutowireCapableBeanFactory.instantiateUsingFactoryMethod(AbstractAutowireCapableBeanFactory.java:1355)
	at org.springframework.beans.factory.support.AbstractAutowireCapableBeanFactory.createBeanInstance(AbstractAutowireCapableBeanFactory.java:1185)
	at org.springframework.beans.factory.support.AbstractAutowireCapableBeanFactory.doCreateBean(AbstractAutowireCapableBeanFactory.java:562)
	at org.springframework.beans.factory.support.AbstractAutowireCapableBeanFactory.createBean(AbstractAutowireCapableBeanFactory.java:522)
	at org.springframework.beans.factory.support.AbstractBeanFactory.lambda$doGetBean$0(AbstractBeanFactory.java:337)
	at org.springframework.beans.factory.support.DefaultSingletonBeanRegistry.getSingleton(DefaultSingletonBeanRegistry.java:234)
	at org.springframework.beans.factory.support.AbstractBeanFactory.doGetBean(AbstractBeanFactory.java:335)
	at org.springframework.beans.factory.support.AbstractBeanFactory.getBean(AbstractBeanFactory.java:200)
	at org.springframework.beans.factory.support.DefaultListableBeanFactory.preInstantiateSingletons(DefaultListableBeanFactory.java:975)
	at org.springframework.context.support.AbstractApplicationContext.finishBeanFactoryInitialization(AbstractApplicationContext.java:971)
	at org.springframework.context.support.AbstractApplicationContext.refresh(AbstractApplicationContext.java:625)
	at org.springframework.boot.SpringApplication.refresh(SpringApplication.java:754)
	at org.springframework.boot.SpringApplication.refreshContext(SpringApplication.java:456)
	at org.springframework.boot.SpringApplication.run(SpringApplication.java:335)
	at org.springframework.boot.test.context.SpringBootContextLoader.lambda$loadContext$3(SpringBootContextLoader.java:137)
	at org.springframework.util.function.ThrowingSupplier.get(ThrowingSupplier.java:58)
	at org.springframework.util.function.ThrowingSupplier.get(ThrowingSupplier.java:46)
	at org.springframework.boot.SpringApplication.withHook(SpringApplication.java:1463)
	at org.springframework.boot.test.context.SpringBootContextLoader$ContextLoaderHook.run(SpringBootContextLoader.java:553)
	at org.springframework.boot.test.context.SpringBootContextLoader.loadContext(SpringBootContextLoader.java:137)
	at org.springframework.boot.test.context.SpringBootContextLoader.loadContext(SpringBootContextLoader.java:108)
	at org.springframework.test.context.cache.DefaultCacheAwareContextLoaderDelegate.loadContextInternal(DefaultCacheAwareContextLoaderDelegate.java:225)
	at org.springframework.test.context.cache.DefaultCacheAwareContextLoaderDelegate.loadContext(DefaultCacheAwareContextLoaderDelegate.java:152)
	... 17 more
Caused by: org.springframework.beans.BeanInstantiationException: Failed to instantiate [edu.stanford.nlp.pipeline.StanfordCoreNLP]: Factory method 'getInstance' threw exception with message: Error creating edu.stanford.nlp.time.TimeExpressionExtractorImpl
	at org.springframework.beans.factory.support.SimpleInstantiationStrategy.instantiate(SimpleInstantiationStrategy.java:178)
	at org.springframework.beans.factory.support.ConstructorResolver.instantiate(ConstructorResolver.java:644)
	... 41 more
Caused by: edu.stanford.nlp.util.ReflectionLoading$ReflectionLoadingException: Error creating edu.stanford.nlp.time.TimeExpressionExtractorImpl
	at edu.stanford.nlp.util.ReflectionLoading.loadByReflection(ReflectionLoading.java:38)
	at edu.stanford.nlp.time.TimeExpressionExtractorFactory.create(TimeExpressionExtractorFactory.java:60)
	at edu.stanford.nlp.time.TimeExpressionExtractorFactory.createExtractor(TimeExpressionExtractorFactory.java:43)
	at edu.stanford.nlp.ie.regexp.NumberSequenceClassifier.<init>(NumberSequenceClassifier.java:86)
	at edu.stanford.nlp.ie.NERClassifierCombiner.<init>(NERClassifierCombiner.java:116)
	at edu.stanford.nlp.pipeline.NERCombinerAnnotator.<init>(NERCombinerAnnotator.java:125)
	at edu.stanford.nlp.pipeline.AnnotatorImplementations.ner(AnnotatorImplementations.java:68)
	at edu.stanford.nlp.pipeline.StanfordCoreNLP.lambda$getNamedAnnotators$5(StanfordCoreNLP.java:523)
	at edu.stanford.nlp.pipeline.StanfordCoreNLP.lambda$null$30(StanfordCoreNLP.java:602)
	at edu.stanford.nlp.util.Lazy$3.compute(Lazy.java:126)
	at edu.stanford.nlp.util.Lazy.get(Lazy.java:31)
	at edu.stanford.nlp.pipeline.AnnotatorPool.get(AnnotatorPool.java:149)
	at edu.stanford.nlp.pipeline.StanfordCoreNLP.<init>(StanfordCoreNLP.java:251)
	at edu.stanford.nlp.pipeline.StanfordCoreNLP.<init>(StanfordCoreNLP.java:192)
	at edu.stanford.nlp.pipeline.StanfordCoreNLP.<init>(StanfordCoreNLP.java:188)
	at com.sriram.nerapplication.core.Pipeline.getInstance(Pipeline.java:29)
	at java.base/java.lang.reflect.Method.invoke(Method.java:568)
	at org.springframework.beans.factory.support.SimpleInstantiationStrategy.instantiate(SimpleInstantiationStrategy.java:146)
	... 42 more
Caused by: edu.stanford.nlp.util.MetaClass$ClassCreationException: MetaClass couldn't create public edu.stanford.nlp.time.TimeExpressionExtractorImpl(java.lang.String,java.util.Properties) with args [sutime, {}]
	at edu.stanford.nlp.util.MetaClass$ClassFactory.createInstance(MetaClass.java:237)
	at edu.stanford.nlp.util.MetaClass.createInstance(MetaClass.java:382)
	at edu.stanford.nlp.util.ReflectionLoading.loadByReflection(ReflectionLoading.java:36)
	... 59 more
Caused by: java.lang.reflect.InvocationTargetException
	at java.base/java.lang.reflect.Constructor.newInstanceWithCaller(Constructor.java:499)
	at java.base/java.lang.reflect.Constructor.newInstance(Constructor.java:480)
	at edu.stanford.nlp.util.MetaClass$ClassFactory.createInstance(MetaClass.java:233)
	... 61 more
Caused by: java.lang.RuntimeException: Error initializing binder 1
	at edu.stanford.nlp.time.Options.<init>(Options.java:121)
	at edu.stanford.nlp.time.TimeExpressionExtractorImpl.init(TimeExpressionExtractorImpl.java:44)
	at edu.stanford.nlp.time.TimeExpressionExtractorImpl.<init>(TimeExpressionExtractorImpl.java:39)
	... 64 more
Caused by: java.lang.IllegalStateException: Cannot instantiate configuration.
	at de.jollyday.datasource.impl.XmlFileDataSource.getConfiguration(XmlFileDataSource.java:39)
	at de.jollyday.impl.DefaultHolidayManager.doInit(DefaultHolidayManager.java:239)
	at de.jollyday.HolidayManager.init(HolidayManager.java:319)
	at de.jollyday.caching.HolidayManagerValueHandler.createValue(HolidayManagerValueHandler.java:44)
	at de.jollyday.caching.HolidayManagerValueHandler.createValue(HolidayManagerValueHandler.java:13)
	at de.jollyday.util.Cache.get(Cache.java:51)
	at de.jollyday.HolidayManager.createManager(HolidayManager.java:168)
	at de.jollyday.HolidayManager.getInstance(HolidayManager.java:148)
	at edu.stanford.nlp.time.JollyDayHolidays.init(JollyDayHolidays.java:57)
	at edu.stanford.nlp.time.Options.<init>(Options.java:119)
	... 66 more
Caused by: java.lang.IllegalStateException: Cannot parse holidays XML file.
	at de.jollyday.util.XMLUtil.unmarshallConfiguration(XMLUtil.java:78)
	at de.jollyday.datasource.impl.XmlFileDataSource.getConfiguration(XmlFileDataSource.java:37)
	... 75 more
Caused by: javax.xml.bind.JAXBException: Implementation of JAXB-API has not been found on module path or classpath.
 - with linked exception:
[java.lang.ClassNotFoundException: com.sun.xml.bind.v2.ContextFactory]
	at javax.xml.bind.ContextFinder.newInstance(ContextFinder.java:168)
	at javax.xml.bind.ContextFinder.find(ContextFinder.java:355)
	at javax.xml.bind.JAXBContext.newInstance(JAXBContext.java:508)
	at javax.xml.bind.JAXBContext.newInstance(JAXBContext.java:465)
	at de.jollyday.util.XMLUtil$JAXBContextCreator.create(XMLUtil.java:170)
	at de.jollyday.util.XMLUtil.unmarshallConfiguration(XMLUtil.java:71)
	... 76 more
Caused by: java.lang.ClassNotFoundException: com.sun.xml.bind.v2.ContextFactory
	at java.base/jdk.internal.loader.BuiltinClassLoader.loadClass(BuiltinClassLoader.java:641)
	at java.base/jdk.internal.loader.ClassLoaders$AppClassLoader.loadClass(ClassLoaders.java:188)
	at java.base/java.lang.ClassLoader.loadClass(ClassLoader.java:520)
	at javax.xml.bind.ServiceLoaderUtil.nullSafeLoadClass(ServiceLoaderUtil.java:122)
	at javax.xml.bind.ServiceLoaderUtil.safeLoadClass(ServiceLoaderUtil.java:155)
	at javax.xml.bind.ContextFinder.newInstance(ContextFinder.java:165)
	... 81 more
]]></error>
    <system-out><![CDATA[10:56:16.951 [main] INFO org.springframework.test.context.support.AnnotationConfigContextLoaderUtils -- Could not detect default configuration classes for test class [com.sriram.nerapplication.NerApplicationTests]: NerApplicationTests does not declare any static, non-private, non-final, nested classes annotated with @Configuration.
10:56:17.101 [main] INFO org.springframework.boot.test.context.SpringBootTestContextBootstrapper -- Found @SpringBootConfiguration com.sriram.nerapplication.NerApplication for test class com.sriram.nerapplication.NerApplicationTests

  .   ____          _            __ _ _
 /\\ / ___'_ __ _ _(_)_ __  __ _ \ \ \ \
( ( )\___ | '_ | '_| | '_ \/ _` | \ \ \ \
 \\/  ___)| |_)| | | | | || (_| |  ) ) ) )
  '  |____| .__|_| |_|_| |_\__, | / / / /
 =========|_|==============|___/=/_/_/_/
 :: Spring Boot ::       (v3.2.9-SNAPSHOT)

2024-08-06T10:56:17.673+05:30  INFO 21620 --- [ner-application] [           main] c.s.nerapplication.NerApplicationTests   : Starting NerApplicationTests using Java 17.0.11 with PID 21620 (started by DELL in C:\Users\DELL\eclipse-workspace\ner-application)
2024-08-06T10:56:17.676+05:30  INFO 21620 --- [ner-application] [           main] c.s.nerapplication.NerApplicationTests   : No active profile set, falling back to 1 default profile: "default"
2024-08-06T10:56:20.101+05:30  INFO 21620 --- [ner-application] [           main] e.stanford.nlp.pipeline.StanfordCoreNLP  : Adding annotator tokenize
2024-08-06T10:56:20.117+05:30  INFO 21620 --- [ner-application] [           main] e.stanford.nlp.pipeline.StanfordCoreNLP  : Adding annotator ssplit
2024-08-06T10:56:20.123+05:30  INFO 21620 --- [ner-application] [           main] e.stanford.nlp.pipeline.StanfordCoreNLP  : Adding annotator pos
2024-08-06T10:56:21.182+05:30  INFO 21620 --- [ner-application] [           main] e.s.nlp.tagger.maxent.MaxentTagger       : Loading POS tagger from edu/stanford/nlp/models/pos-tagger/english-left3words/english-left3words-distsim.tagger ... done [1.0 sec].
2024-08-06T10:56:21.182+05:30  INFO 21620 --- [ner-application] [           main] e.stanford.nlp.pipeline.StanfordCoreNLP  : Adding annotator lemma
2024-08-06T10:56:21.185+05:30  INFO 21620 --- [ner-application] [           main] e.stanford.nlp.pipeline.StanfordCoreNLP  : Adding annotator ner
2024-08-06T10:56:23.515+05:30  INFO 21620 --- [ner-application] [           main] e.s.nlp.ie.AbstractSequenceClassifier    : Loading classifier from edu/stanford/nlp/models/ner/english.all.3class.distsim.crf.ser.gz ... done [2.2 sec].
2024-08-06T10:56:24.859+05:30  INFO 21620 --- [ner-application] [           main] e.s.nlp.ie.AbstractSequenceClassifier    : Loading classifier from edu/stanford/nlp/models/ner/english.muc.7class.distsim.crf.ser.gz ... done [1.3 sec].
2024-08-06T10:56:26.964+05:30  INFO 21620 --- [ner-application] [           main] e.s.nlp.ie.AbstractSequenceClassifier    : Loading classifier from edu/stanford/nlp/models/ner/english.conll.4class.distsim.crf.ser.gz ... done [2.1 sec].
2024-08-06T10:56:27.182+05:30  INFO 21620 --- [ner-application] [           main] edu.stanford.nlp.time.JollyDayHolidays   : Initializing JollyDayHoliday for SUTime from classpath edu/stanford/nlp/models/sutime/jollyday/Holidays_sutime.xml as sutime.binder.1.
2024-08-06T10:56:27.332+05:30  WARN 21620 --- [ner-application] [           main] de.jollyday.util.XMLUtil                 : Could not create JAXB context using the current threads context classloader. Defaulting to ObjectFactory classloader.
2024-08-06T10:56:27.350+05:30  WARN 21620 --- [ner-application] [           main] o.s.w.c.s.GenericWebApplicationContext   : Exception encountered during context initialization - cancelling refresh attempt: org.springframework.beans.factory.BeanCreationException: Error creating bean with name 'stanfordCoreNLP' defined in class path resource [com/sriram/nerapplication/core/Pipeline.class]: Failed to instantiate [edu.stanford.nlp.pipeline.StanfordCoreNLP]: Factory method 'getInstance' threw exception with message: Error creating edu.stanford.nlp.time.TimeExpressionExtractorImpl
2024-08-06T10:56:27.389+05:30  INFO 21620 --- [ner-application] [           main] .s.b.a.l.ConditionEvaluationReportLogger : 

Error starting ApplicationContext. To display the condition evaluation report re-run your application with 'debug' enabled.
2024-08-06T10:56:27.460+05:30 ERROR 21620 --- [ner-application] [           main] o.s.boot.SpringApplication               : Application run failed

org.springframework.beans.factory.BeanCreationException: Error creating bean with name 'stanfordCoreNLP' defined in class path resource [com/sriram/nerapplication/core/Pipeline.class]: Failed to instantiate [edu.stanford.nlp.pipeline.StanfordCoreNLP]: Factory method 'getInstance' threw exception with message: Error creating edu.stanford.nlp.time.TimeExpressionExtractorImpl
	at org.springframework.beans.factory.support.ConstructorResolver.instantiate(ConstructorResolver.java:648) ~[spring-beans-6.1.11.jar:6.1.11]
	at org.springframework.beans.factory.support.ConstructorResolver.instantiateUsingFactoryMethod(ConstructorResolver.java:485) ~[spring-beans-6.1.11.jar:6.1.11]
	at org.springframework.beans.factory.support.AbstractAutowireCapableBeanFactory.instantiateUsingFactoryMethod(AbstractAutowireCapableBeanFactory.java:1355) ~[spring-beans-6.1.11.jar:6.1.11]
	at org.springframework.beans.factory.support.AbstractAutowireCapableBeanFactory.createBeanInstance(AbstractAutowireCapableBeanFactory.java:1185) ~[spring-beans-6.1.11.jar:6.1.11]
	at org.springframework.beans.factory.support.AbstractAutowireCapableBeanFactory.doCreateBean(AbstractAutowireCapableBeanFactory.java:562) ~[spring-beans-6.1.11.jar:6.1.11]
	at org.springframework.beans.factory.support.AbstractAutowireCapableBeanFactory.createBean(AbstractAutowireCapableBeanFactory.java:522) ~[spring-beans-6.1.11.jar:6.1.11]
	at org.springframework.beans.factory.support.AbstractBeanFactory.lambda$doGetBean$0(AbstractBeanFactory.java:337) ~[spring-beans-6.1.11.jar:6.1.11]
	at org.springframework.beans.factory.support.DefaultSingletonBeanRegistry.getSingleton(DefaultSingletonBeanRegistry.java:234) ~[spring-beans-6.1.11.jar:6.1.11]
	at org.springframework.beans.factory.support.AbstractBeanFactory.doGetBean(AbstractBeanFactory.java:335) ~[spring-beans-6.1.11.jar:6.1.11]
	at org.springframework.beans.factory.support.AbstractBeanFactory.getBean(AbstractBeanFactory.java:200) ~[spring-beans-6.1.11.jar:6.1.11]
	at org.springframework.beans.factory.support.DefaultListableBeanFactory.preInstantiateSingletons(DefaultListableBeanFactory.java:975) ~[spring-beans-6.1.11.jar:6.1.11]
	at org.springframework.context.support.AbstractApplicationContext.finishBeanFactoryInitialization(AbstractApplicationContext.java:971) ~[spring-context-6.1.11.jar:6.1.11]
	at org.springframework.context.support.AbstractApplicationContext.refresh(AbstractApplicationContext.java:625) ~[spring-context-6.1.11.jar:6.1.11]
	at org.springframework.boot.SpringApplication.refresh(SpringApplication.java:754) ~[spring-boot-3.2.9-SNAPSHOT.jar:3.2.9-SNAPSHOT]
	at org.springframework.boot.SpringApplication.refreshContext(SpringApplication.java:456) ~[spring-boot-3.2.9-SNAPSHOT.jar:3.2.9-SNAPSHOT]
	at org.springframework.boot.SpringApplication.run(SpringApplication.java:335) ~[spring-boot-3.2.9-SNAPSHOT.jar:3.2.9-SNAPSHOT]
	at org.springframework.boot.test.context.SpringBootContextLoader.lambda$loadContext$3(SpringBootContextLoader.java:137) ~[spring-boot-test-3.2.9-SNAPSHOT.jar:3.2.9-SNAPSHOT]
	at org.springframework.util.function.ThrowingSupplier.get(ThrowingSupplier.java:58) ~[spring-core-6.1.11.jar:6.1.11]
	at org.springframework.util.function.ThrowingSupplier.get(ThrowingSupplier.java:46) ~[spring-core-6.1.11.jar:6.1.11]
	at org.springframework.boot.SpringApplication.withHook(SpringApplication.java:1463) ~[spring-boot-3.2.9-SNAPSHOT.jar:3.2.9-SNAPSHOT]
	at org.springframework.boot.test.context.SpringBootContextLoader$ContextLoaderHook.run(SpringBootContextLoader.java:553) ~[spring-boot-test-3.2.9-SNAPSHOT.jar:3.2.9-SNAPSHOT]
	at org.springframework.boot.test.context.SpringBootContextLoader.loadContext(SpringBootContextLoader.java:137) ~[spring-boot-test-3.2.9-SNAPSHOT.jar:3.2.9-SNAPSHOT]
	at org.springframework.boot.test.context.SpringBootContextLoader.loadContext(SpringBootContextLoader.java:108) ~[spring-boot-test-3.2.9-SNAPSHOT.jar:3.2.9-SNAPSHOT]
	at org.springframework.test.context.cache.DefaultCacheAwareContextLoaderDelegate.loadContextInternal(DefaultCacheAwareContextLoaderDelegate.java:225) ~[spring-test-6.1.11.jar:6.1.11]
	at org.springframework.test.context.cache.DefaultCacheAwareContextLoaderDelegate.loadContext(DefaultCacheAwareContextLoaderDelegate.java:152) ~[spring-test-6.1.11.jar:6.1.11]
	at org.springframework.test.context.support.DefaultTestContext.getApplicationContext(DefaultTestContext.java:130) ~[spring-test-6.1.11.jar:6.1.11]
	at org.springframework.test.context.web.ServletTestExecutionListener.setUpRequestContextIfNecessary(ServletTestExecutionListener.java:191) ~[spring-test-6.1.11.jar:6.1.11]
	at org.springframework.test.context.web.ServletTestExecutionListener.prepareTestInstance(ServletTestExecutionListener.java:130) ~[spring-test-6.1.11.jar:6.1.11]
	at org.springframework.test.context.TestContextManager.prepareTestInstance(TestContextManager.java:260) ~[spring-test-6.1.11.jar:6.1.11]
	at org.springframework.test.context.junit.jupiter.SpringExtension.postProcessTestInstance(SpringExtension.java:163) ~[spring-test-6.1.11.jar:6.1.11]
	at org.junit.jupiter.engine.descriptor.ClassBasedTestDescriptor.lambda$invokeTestInstancePostProcessors$10(ClassBasedTestDescriptor.java:378) ~[junit-jupiter-engine-5.10.3.jar:5.10.3]
	at org.junit.jupiter.engine.descriptor.ClassBasedTestDescriptor.executeAndMaskThrowable(ClassBasedTestDescriptor.java:383) ~[junit-jupiter-engine-5.10.3.jar:5.10.3]
	at org.junit.jupiter.engine.descriptor.ClassBasedTestDescriptor.lambda$invokeTestInstancePostProcessors$11(ClassBasedTestDescriptor.java:378) ~[junit-jupiter-engine-5.10.3.jar:5.10.3]
	at java.base/java.util.stream.ReferencePipeline$3$1.accept(ReferencePipeline.java:197) ~[na:na]
	at java.base/java.util.stream.ReferencePipeline$2$1.accept(ReferencePipeline.java:179) ~[na:na]
	at java.base/java.util.ArrayList$ArrayListSpliterator.forEachRemaining(ArrayList.java:1625) ~[na:na]
	at java.base/java.util.stream.AbstractPipeline.copyInto(AbstractPipeline.java:509) ~[na:na]
	at java.base/java.util.stream.AbstractPipeline.wrapAndCopyInto(AbstractPipeline.java:499) ~[na:na]
	at java.base/java.util.stream.StreamSpliterators$WrappingSpliterator.forEachRemaining(StreamSpliterators.java:310) ~[na:na]
	at java.base/java.util.stream.Streams$ConcatSpliterator.forEachRemaining(Streams.java:735) ~[na:na]
	at java.base/java.util.stream.Streams$ConcatSpliterator.forEachRemaining(Streams.java:734) ~[na:na]
	at java.base/java.util.stream.ReferencePipeline$Head.forEach(ReferencePipeline.java:762) ~[na:na]
	at org.junit.jupiter.engine.descriptor.ClassBasedTestDescriptor.invokeTestInstancePostProcessors(ClassBasedTestDescriptor.java:377) ~[junit-jupiter-engine-5.10.3.jar:5.10.3]
	at org.junit.jupiter.engine.descriptor.ClassBasedTestDescriptor.lambda$instantiateAndPostProcessTestInstance$6(ClassBasedTestDescriptor.java:290) ~[junit-jupiter-engine-5.10.3.jar:5.10.3]
	at org.junit.platform.engine.support.hierarchical.ThrowableCollector.execute(ThrowableCollector.java:73) ~[junit-platform-engine-1.10.3.jar:1.10.3]
	at org.junit.jupiter.engine.descriptor.ClassBasedTestDescriptor.instantiateAndPostProcessTestInstance(ClassBasedTestDescriptor.java:289) ~[junit-jupiter-engine-5.10.3.jar:5.10.3]
	at org.junit.jupiter.engine.descriptor.ClassBasedTestDescriptor.lambda$testInstancesProvider$4(ClassBasedTestDescriptor.java:279) ~[junit-jupiter-engine-5.10.3.jar:5.10.3]
	at java.base/java.util.Optional.orElseGet(Optional.java:364) ~[na:na]
	at org.junit.jupiter.engine.descriptor.ClassBasedTestDescriptor.lambda$testInstancesProvider$5(ClassBasedTestDescriptor.java:278) ~[junit-jupiter-engine-5.10.3.jar:5.10.3]
	at org.junit.jupiter.engine.execution.TestInstancesProvider.getTestInstances(TestInstancesProvider.java:31) ~[junit-jupiter-engine-5.10.3.jar:5.10.3]
	at org.junit.jupiter.engine.descriptor.TestMethodTestDescriptor.lambda$prepare$0(TestMethodTestDescriptor.java:106) ~[junit-jupiter-engine-5.10.3.jar:5.10.3]
	at org.junit.platform.engine.support.hierarchical.ThrowableCollector.execute(ThrowableCollector.java:73) ~[junit-platform-engine-1.10.3.jar:1.10.3]
	at org.junit.jupiter.engine.descriptor.TestMethodTestDescriptor.prepare(TestMethodTestDescriptor.java:105) ~[junit-jupiter-engine-5.10.3.jar:5.10.3]
	at org.junit.jupiter.engine.descriptor.TestMethodTestDescriptor.prepare(TestMethodTestDescriptor.java:69) ~[junit-jupiter-engine-5.10.3.jar:5.10.3]
	at org.junit.platform.engine.support.hierarchical.NodeTestTask.lambda$prepare$2(NodeTestTask.java:123) ~[junit-platform-engine-1.10.3.jar:1.10.3]
	at org.junit.platform.engine.support.hierarchical.ThrowableCollector.execute(ThrowableCollector.java:73) ~[junit-platform-engine-1.10.3.jar:1.10.3]
	at org.junit.platform.engine.support.hierarchical.NodeTestTask.prepare(NodeTestTask.java:123) ~[junit-platform-engine-1.10.3.jar:1.10.3]
	at org.junit.platform.engine.support.hierarchical.NodeTestTask.execute(NodeTestTask.java:90) ~[junit-platform-engine-1.10.3.jar:1.10.3]
	at java.base/java.util.ArrayList.forEach(ArrayList.java:1511) ~[na:na]
	at org.junit.platform.engine.support.hierarchical.SameThreadHierarchicalTestExecutorService.invokeAll(SameThreadHierarchicalTestExecutorService.java:41) ~[junit-platform-engine-1.10.3.jar:1.10.3]
	at org.junit.platform.engine.support.hierarchical.NodeTestTask.lambda$executeRecursively$6(NodeTestTask.java:155) ~[junit-platform-engine-1.10.3.jar:1.10.3]
	at org.junit.platform.engine.support.hierarchical.ThrowableCollector.execute(ThrowableCollector.java:73) ~[junit-platform-engine-1.10.3.jar:1.10.3]
	at org.junit.platform.engine.support.hierarchical.NodeTestTask.lambda$executeRecursively$8(NodeTestTask.java:141) ~[junit-platform-engine-1.10.3.jar:1.10.3]
	at org.junit.platform.engine.support.hierarchical.Node.around(Node.java:137) ~[junit-platform-engine-1.10.3.jar:1.10.3]
	at org.junit.platform.engine.support.hierarchical.NodeTestTask.lambda$executeRecursively$9(NodeTestTask.java:139) ~[junit-platform-engine-1.10.3.jar:1.10.3]
	at org.junit.platform.engine.support.hierarchical.ThrowableCollector.execute(ThrowableCollector.java:73) ~[junit-platform-engine-1.10.3.jar:1.10.3]
	at org.junit.platform.engine.support.hierarchical.NodeTestTask.executeRecursively(NodeTestTask.java:138) ~[junit-platform-engine-1.10.3.jar:1.10.3]
	at org.junit.platform.engine.support.hierarchical.NodeTestTask.execute(NodeTestTask.java:95) ~[junit-platform-engine-1.10.3.jar:1.10.3]
	at java.base/java.util.ArrayList.forEach(ArrayList.java:1511) ~[na:na]
	at org.junit.platform.engine.support.hierarchical.SameThreadHierarchicalTestExecutorService.invokeAll(SameThreadHierarchicalTestExecutorService.java:41) ~[junit-platform-engine-1.10.3.jar:1.10.3]
	at org.junit.platform.engine.support.hierarchical.NodeTestTask.lambda$executeRecursively$6(NodeTestTask.java:155) ~[junit-platform-engine-1.10.3.jar:1.10.3]
	at org.junit.platform.engine.support.hierarchical.ThrowableCollector.execute(ThrowableCollector.java:73) ~[junit-platform-engine-1.10.3.jar:1.10.3]
	at org.junit.platform.engine.support.hierarchical.NodeTestTask.lambda$executeRecursively$8(NodeTestTask.java:141) ~[junit-platform-engine-1.10.3.jar:1.10.3]
	at org.junit.platform.engine.support.hierarchical.Node.around(Node.java:137) ~[junit-platform-engine-1.10.3.jar:1.10.3]
	at org.junit.platform.engine.support.hierarchical.NodeTestTask.lambda$executeRecursively$9(NodeTestTask.java:139) ~[junit-platform-engine-1.10.3.jar:1.10.3]
	at org.junit.platform.engine.support.hierarchical.ThrowableCollector.execute(ThrowableCollector.java:73) ~[junit-platform-engine-1.10.3.jar:1.10.3]
	at org.junit.platform.engine.support.hierarchical.NodeTestTask.executeRecursively(NodeTestTask.java:138) ~[junit-platform-engine-1.10.3.jar:1.10.3]
	at org.junit.platform.engine.support.hierarchical.NodeTestTask.execute(NodeTestTask.java:95) ~[junit-platform-engine-1.10.3.jar:1.10.3]
	at org.junit.platform.engine.support.hierarchical.SameThreadHierarchicalTestExecutorService.submit(SameThreadHierarchicalTestExecutorService.java:35) ~[junit-platform-engine-1.10.3.jar:1.10.3]
	at org.junit.platform.engine.support.hierarchical.HierarchicalTestExecutor.execute(HierarchicalTestExecutor.java:57) ~[junit-platform-engine-1.10.3.jar:1.10.3]
	at org.junit.platform.engine.support.hierarchical.HierarchicalTestEngine.execute(HierarchicalTestEngine.java:54) ~[junit-platform-engine-1.10.3.jar:1.10.3]
	at org.junit.platform.launcher.core.EngineExecutionOrchestrator.execute(EngineExecutionOrchestrator.java:198) ~[junit-platform-launcher-1.10.3.jar:1.10.3]
	at org.junit.platform.launcher.core.EngineExecutionOrchestrator.execute(EngineExecutionOrchestrator.java:169) ~[junit-platform-launcher-1.10.3.jar:1.10.3]
	at org.junit.platform.launcher.core.EngineExecutionOrchestrator.execute(EngineExecutionOrchestrator.java:93) ~[junit-platform-launcher-1.10.3.jar:1.10.3]
	at org.junit.platform.launcher.core.EngineExecutionOrchestrator.lambda$execute$0(EngineExecutionOrchestrator.java:58) ~[junit-platform-launcher-1.10.3.jar:1.10.3]
	at org.junit.platform.launcher.core.EngineExecutionOrchestrator.withInterceptedStreams(EngineExecutionOrchestrator.java:141) ~[junit-platform-launcher-1.10.3.jar:1.10.3]
	at org.junit.platform.launcher.core.EngineExecutionOrchestrator.execute(EngineExecutionOrchestrator.java:57) ~[junit-platform-launcher-1.10.3.jar:1.10.3]
	at org.junit.platform.launcher.core.DefaultLauncher.execute(DefaultLauncher.java:103) ~[junit-platform-launcher-1.10.3.jar:1.10.3]
	at org.junit.platform.launcher.core.DefaultLauncher.execute(DefaultLauncher.java:85) ~[junit-platform-launcher-1.10.3.jar:1.10.3]
	at org.junit.platform.launcher.core.DelegatingLauncher.execute(DelegatingLauncher.java:47) ~[junit-platform-launcher-1.10.3.jar:1.10.3]
	at org.apache.maven.surefire.junitplatform.LazyLauncher.execute(LazyLauncher.java:56) ~[surefire-junit-platform-3.1.2.jar:3.1.2]
	at org.apache.maven.surefire.junitplatform.JUnitPlatformProvider.execute(JUnitPlatformProvider.java:184) ~[surefire-junit-platform-3.1.2.jar:3.1.2]
	at org.apache.maven.surefire.junitplatform.JUnitPlatformProvider.invokeAllTests(JUnitPlatformProvider.java:148) ~[surefire-junit-platform-3.1.2.jar:3.1.2]
	at org.apache.maven.surefire.junitplatform.JUnitPlatformProvider.invoke(JUnitPlatformProvider.java:122) ~[surefire-junit-platform-3.1.2.jar:3.1.2]
	at org.apache.maven.surefire.booter.ForkedBooter.runSuitesInProcess(ForkedBooter.java:385) ~[surefire-booter-3.1.2.jar:3.1.2]
	at org.apache.maven.surefire.booter.ForkedBooter.execute(ForkedBooter.java:162) ~[surefire-booter-3.1.2.jar:3.1.2]
	at org.apache.maven.surefire.booter.ForkedBooter.run(ForkedBooter.java:507) ~[surefire-booter-3.1.2.jar:3.1.2]
	at org.apache.maven.surefire.booter.ForkedBooter.main(ForkedBooter.java:495) ~[surefire-booter-3.1.2.jar:3.1.2]
Caused by: org.springframework.beans.BeanInstantiationException: Failed to instantiate [edu.stanford.nlp.pipeline.StanfordCoreNLP]: Factory method 'getInstance' threw exception with message: Error creating edu.stanford.nlp.time.TimeExpressionExtractorImpl
	at org.springframework.beans.factory.support.SimpleInstantiationStrategy.instantiate(SimpleInstantiationStrategy.java:178) ~[spring-beans-6.1.11.jar:6.1.11]
	at org.springframework.beans.factory.support.ConstructorResolver.instantiate(ConstructorResolver.java:644) ~[spring-beans-6.1.11.jar:6.1.11]
	... 97 common frames omitted
Caused by: edu.stanford.nlp.util.ReflectionLoading$ReflectionLoadingException: Error creating edu.stanford.nlp.time.TimeExpressionExtractorImpl
	at edu.stanford.nlp.util.ReflectionLoading.loadByReflection(ReflectionLoading.java:38) ~[stanford-corenlp-3.9.2.jar:3.9.2]
	at edu.stanford.nlp.time.TimeExpressionExtractorFactory.create(TimeExpressionExtractorFactory.java:60) ~[stanford-corenlp-3.9.2.jar:3.9.2]
	at edu.stanford.nlp.time.TimeExpressionExtractorFactory.createExtractor(TimeExpressionExtractorFactory.java:43) ~[stanford-corenlp-3.9.2.jar:3.9.2]
	at edu.stanford.nlp.ie.regexp.NumberSequenceClassifier.<init>(NumberSequenceClassifier.java:86) ~[stanford-corenlp-3.9.2.jar:3.9.2]
	at edu.stanford.nlp.ie.NERClassifierCombiner.<init>(NERClassifierCombiner.java:116) ~[stanford-corenlp-3.9.2.jar:3.9.2]
	at edu.stanford.nlp.pipeline.NERCombinerAnnotator.<init>(NERCombinerAnnotator.java:125) ~[stanford-corenlp-3.9.2.jar:3.9.2]
	at edu.stanford.nlp.pipeline.AnnotatorImplementations.ner(AnnotatorImplementations.java:68) ~[stanford-corenlp-3.9.2.jar:3.9.2]
	at edu.stanford.nlp.pipeline.StanfordCoreNLP.lambda$getNamedAnnotators$5(StanfordCoreNLP.java:523) ~[stanford-corenlp-3.9.2.jar:3.9.2]
	at edu.stanford.nlp.pipeline.StanfordCoreNLP.lambda$null$30(StanfordCoreNLP.java:602) ~[stanford-corenlp-3.9.2.jar:3.9.2]
	at edu.stanford.nlp.util.Lazy$3.compute(Lazy.java:126) ~[stanford-corenlp-3.9.2.jar:3.9.2]
	at edu.stanford.nlp.util.Lazy.get(Lazy.java:31) ~[stanford-corenlp-3.9.2.jar:3.9.2]
	at edu.stanford.nlp.pipeline.AnnotatorPool.get(AnnotatorPool.java:149) ~[stanford-corenlp-3.9.2.jar:3.9.2]
	at edu.stanford.nlp.pipeline.StanfordCoreNLP.<init>(StanfordCoreNLP.java:251) ~[stanford-corenlp-3.9.2.jar:3.9.2]
	at edu.stanford.nlp.pipeline.StanfordCoreNLP.<init>(StanfordCoreNLP.java:192) ~[stanford-corenlp-3.9.2.jar:3.9.2]
	at edu.stanford.nlp.pipeline.StanfordCoreNLP.<init>(StanfordCoreNLP.java:188) ~[stanford-corenlp-3.9.2.jar:3.9.2]
	at com.sriram.nerapplication.core.Pipeline.getInstance(Pipeline.java:29) ~[classes/:na]
	at java.base/jdk.internal.reflect.NativeMethodAccessorImpl.invoke0(Native Method) ~[na:na]
	at java.base/jdk.internal.reflect.NativeMethodAccessorImpl.invoke(NativeMethodAccessorImpl.java:77) ~[na:na]
	at java.base/jdk.internal.reflect.DelegatingMethodAccessorImpl.invoke(DelegatingMethodAccessorImpl.java:43) ~[na:na]
	at java.base/java.lang.reflect.Method.invoke(Method.java:568) ~[na:na]
	at org.springframework.beans.factory.support.SimpleInstantiationStrategy.instantiate(SimpleInstantiationStrategy.java:146) ~[spring-beans-6.1.11.jar:6.1.11]
	... 98 common frames omitted
Caused by: edu.stanford.nlp.util.MetaClass$ClassCreationException: MetaClass couldn't create public edu.stanford.nlp.time.TimeExpressionExtractorImpl(java.lang.String,java.util.Properties) with args [sutime, {}]
	at edu.stanford.nlp.util.MetaClass$ClassFactory.createInstance(MetaClass.java:237) ~[stanford-corenlp-3.9.2.jar:3.9.2]
	at edu.stanford.nlp.util.MetaClass.createInstance(MetaClass.java:382) ~[stanford-corenlp-3.9.2.jar:3.9.2]
	at edu.stanford.nlp.util.ReflectionLoading.loadByReflection(ReflectionLoading.java:36) ~[stanford-corenlp-3.9.2.jar:3.9.2]
	... 118 common frames omitted
Caused by: java.lang.reflect.InvocationTargetException: null
	at java.base/jdk.internal.reflect.NativeConstructorAccessorImpl.newInstance0(Native Method) ~[na:na]
	at java.base/jdk.internal.reflect.NativeConstructorAccessorImpl.newInstance(NativeConstructorAccessorImpl.java:77) ~[na:na]
	at java.base/jdk.internal.reflect.DelegatingConstructorAccessorImpl.newInstance(DelegatingConstructorAccessorImpl.java:45) ~[na:na]
	at java.base/java.lang.reflect.Constructor.newInstanceWithCaller(Constructor.java:499) ~[na:na]
	at java.base/java.lang.reflect.Constructor.newInstance(Constructor.java:480) ~[na:na]
	at edu.stanford.nlp.util.MetaClass$ClassFactory.createInstance(MetaClass.java:233) ~[stanford-corenlp-3.9.2.jar:3.9.2]
	... 120 common frames omitted
Caused by: java.lang.RuntimeException: Error initializing binder 1
	at edu.stanford.nlp.time.Options.<init>(Options.java:121) ~[stanford-corenlp-3.9.2.jar:3.9.2]
	at edu.stanford.nlp.time.TimeExpressionExtractorImpl.init(TimeExpressionExtractorImpl.java:44) ~[stanford-corenlp-3.9.2.jar:3.9.2]
	at edu.stanford.nlp.time.TimeExpressionExtractorImpl.<init>(TimeExpressionExtractorImpl.java:39) ~[stanford-corenlp-3.9.2.jar:3.9.2]
	... 126 common frames omitted
Caused by: java.lang.IllegalStateException: Cannot instantiate configuration.
	at de.jollyday.datasource.impl.XmlFileDataSource.getConfiguration(XmlFileDataSource.java:39) ~[jollyday-0.4.9.jar:na]
	at de.jollyday.impl.DefaultHolidayManager.doInit(DefaultHolidayManager.java:239) ~[jollyday-0.4.9.jar:na]
	at de.jollyday.HolidayManager.init(HolidayManager.java:319) ~[jollyday-0.4.9.jar:na]
	at de.jollyday.caching.HolidayManagerValueHandler.createValue(HolidayManagerValueHandler.java:44) ~[jollyday-0.4.9.jar:na]
	at de.jollyday.caching.HolidayManagerValueHandler.createValue(HolidayManagerValueHandler.java:13) ~[jollyday-0.4.9.jar:na]
	at de.jollyday.util.Cache.get(Cache.java:51) ~[jollyday-0.4.9.jar:na]
	at de.jollyday.HolidayManager.createManager(HolidayManager.java:168) ~[jollyday-0.4.9.jar:na]
	at de.jollyday.HolidayManager.getInstance(HolidayManager.java:148) ~[jollyday-0.4.9.jar:na]
	at edu.stanford.nlp.time.JollyDayHolidays.init(JollyDayHolidays.java:57) ~[stanford-corenlp-3.9.2.jar:3.9.2]
	at edu.stanford.nlp.time.Options.<init>(Options.java:119) ~[stanford-corenlp-3.9.2.jar:3.9.2]
	... 128 common frames omitted
Caused by: java.lang.IllegalStateException: Cannot parse holidays XML file.
	at de.jollyday.util.XMLUtil.unmarshallConfiguration(XMLUtil.java:78) ~[jollyday-0.4.9.jar:na]
	at de.jollyday.datasource.impl.XmlFileDataSource.getConfiguration(XmlFileDataSource.java:37) ~[jollyday-0.4.9.jar:na]
	... 137 common frames omitted
Caused by: javax.xml.bind.JAXBException: Implementation of JAXB-API has not been found on module path or classpath.
	at javax.xml.bind.ContextFinder.newInstance(ContextFinder.java:168) ~[jaxb-api-2.4.0-b180830.0359.jar:2.3.0]
	at javax.xml.bind.ContextFinder.find(ContextFinder.java:355) ~[jaxb-api-2.4.0-b180830.0359.jar:2.3.0]
	at javax.xml.bind.JAXBContext.newInstance(JAXBContext.java:508) ~[jaxb-api-2.4.0-b180830.0359.jar:2.3.0]
	at javax.xml.bind.JAXBContext.newInstance(JAXBContext.java:465) ~[jaxb-api-2.4.0-b180830.0359.jar:2.3.0]
	at de.jollyday.util.XMLUtil$JAXBContextCreator.create(XMLUtil.java:170) ~[jollyday-0.4.9.jar:na]
	at de.jollyday.util.XMLUtil.unmarshallConfiguration(XMLUtil.java:71) ~[jollyday-0.4.9.jar:na]
	... 138 common frames omitted
Caused by: java.lang.ClassNotFoundException: com.sun.xml.bind.v2.ContextFactory
	at java.base/jdk.internal.loader.BuiltinClassLoader.loadClass(BuiltinClassLoader.java:641) ~[na:na]
	at java.base/jdk.internal.loader.ClassLoaders$AppClassLoader.loadClass(ClassLoaders.java:188) ~[na:na]
	at java.base/java.lang.ClassLoader.loadClass(ClassLoader.java:520) ~[na:na]
	at javax.xml.bind.ServiceLoaderUtil.nullSafeLoadClass(ServiceLoaderUtil.java:122) ~[jaxb-api-2.4.0-b180830.0359.jar:2.3.0]
	at javax.xml.bind.ServiceLoaderUtil.safeLoadClass(ServiceLoaderUtil.java:155) ~[jaxb-api-2.4.0-b180830.0359.jar:2.3.0]
	at javax.xml.bind.ContextFinder.newInstance(ContextFinder.java:165) ~[jaxb-api-2.4.0-b180830.0359.jar:2.3.0]
	... 143 common frames omitted

2024-08-06T10:56:27.506+05:30  WARN 21620 --- [ner-application] [           main] o.s.test.context.TestContextManager      : Caught exception while allowing TestExecutionListener [org.springframework.test.context.web.ServletTestExecutionListener] to prepare test instance [com.sriram.nerapplication.NerApplicationTests@2121d1f9]

java.lang.IllegalStateException: Failed to load ApplicationContext for [WebMergedContextConfiguration@17092fff testClass = com.sriram.nerapplication.NerApplicationTests, locations = [], classes = [com.sriram.nerapplication.NerApplication], contextInitializerClasses = [], activeProfiles = [], propertySourceDescriptors = [], propertySourceProperties = ["org.springframework.boot.test.context.SpringBootTestContextBootstrapper=true"], contextCustomizers = [org.springframework.boot.test.context.filter.ExcludeFilterContextCustomizer@1c742ed4, org.springframework.boot.test.json.DuplicateJsonObjectContextCustomizerFactory$DuplicateJsonObjectContextCustomizer@69c81773, org.springframework.boot.test.mock.mockito.MockitoContextCustomizer@0, org.springframework.boot.test.web.client.TestRestTemplateContextCustomizer@210ab13f, org.springframework.boot.test.web.reactor.netty.DisableReactorResourceFactoryGlobalResourcesContextCustomizerFactory$DisableReactorResourceFactoryGlobalResourcesContextCustomizerCustomizer@71687585, org.springframework.boot.test.autoconfigure.actuate.observability.ObservabilityContextCustomizerFactory$DisableObservabilityContextCustomizer@1f, org.springframework.boot.test.autoconfigure.properties.PropertyMappingContextCustomizer@0, org.springframework.boot.test.autoconfigure.web.servlet.WebDriverContextCustomizer@1f9f6368, org.springframework.boot.test.context.SpringBootTestAnnotation@e1d423cc], resourceBasePath = "src/main/webapp", contextLoader = org.springframework.boot.test.context.SpringBootContextLoader, parent = null]
	at org.springframework.test.context.cache.DefaultCacheAwareContextLoaderDelegate.loadContext(DefaultCacheAwareContextLoaderDelegate.java:180) ~[spring-test-6.1.11.jar:6.1.11]
	at org.springframework.test.context.support.DefaultTestContext.getApplicationContext(DefaultTestContext.java:130) ~[spring-test-6.1.11.jar:6.1.11]
	at org.springframework.test.context.web.ServletTestExecutionListener.setUpRequestContextIfNecessary(ServletTestExecutionListener.java:191) ~[spring-test-6.1.11.jar:6.1.11]
	at org.springframework.test.context.web.ServletTestExecutionListener.prepareTestInstance(ServletTestExecutionListener.java:130) ~[spring-test-6.1.11.jar:6.1.11]
	at org.springframework.test.context.TestContextManager.prepareTestInstance(TestContextManager.java:260) ~[spring-test-6.1.11.jar:6.1.11]
	at org.springframework.test.context.junit.jupiter.SpringExtension.postProcessTestInstance(SpringExtension.java:163) ~[spring-test-6.1.11.jar:6.1.11]
	at org.junit.jupiter.engine.descriptor.ClassBasedTestDescriptor.lambda$invokeTestInstancePostProcessors$10(ClassBasedTestDescriptor.java:378) ~[junit-jupiter-engine-5.10.3.jar:5.10.3]
	at org.junit.jupiter.engine.descriptor.ClassBasedTestDescriptor.executeAndMaskThrowable(ClassBasedTestDescriptor.java:383) ~[junit-jupiter-engine-5.10.3.jar:5.10.3]
	at org.junit.jupiter.engine.descriptor.ClassBasedTestDescriptor.lambda$invokeTestInstancePostProcessors$11(ClassBasedTestDescriptor.java:378) ~[junit-jupiter-engine-5.10.3.jar:5.10.3]
	at java.base/java.util.stream.ReferencePipeline$3$1.accept(ReferencePipeline.java:197) ~[na:na]
	at java.base/java.util.stream.ReferencePipeline$2$1.accept(ReferencePipeline.java:179) ~[na:na]
	at java.base/java.util.ArrayList$ArrayListSpliterator.forEachRemaining(ArrayList.java:1625) ~[na:na]
	at java.base/java.util.stream.AbstractPipeline.copyInto(AbstractPipeline.java:509) ~[na:na]
	at java.base/java.util.stream.AbstractPipeline.wrapAndCopyInto(AbstractPipeline.java:499) ~[na:na]
	at java.base/java.util.stream.StreamSpliterators$WrappingSpliterator.forEachRemaining(StreamSpliterators.java:310) ~[na:na]
	at java.base/java.util.stream.Streams$ConcatSpliterator.forEachRemaining(Streams.java:735) ~[na:na]
	at java.base/java.util.stream.Streams$ConcatSpliterator.forEachRemaining(Streams.java:734) ~[na:na]
	at java.base/java.util.stream.ReferencePipeline$Head.forEach(ReferencePipeline.java:762) ~[na:na]
	at org.junit.jupiter.engine.descriptor.ClassBasedTestDescriptor.invokeTestInstancePostProcessors(ClassBasedTestDescriptor.java:377) ~[junit-jupiter-engine-5.10.3.jar:5.10.3]
	at org.junit.jupiter.engine.descriptor.ClassBasedTestDescriptor.lambda$instantiateAndPostProcessTestInstance$6(ClassBasedTestDescriptor.java:290) ~[junit-jupiter-engine-5.10.3.jar:5.10.3]
	at org.junit.platform.engine.support.hierarchical.ThrowableCollector.execute(ThrowableCollector.java:73) ~[junit-platform-engine-1.10.3.jar:1.10.3]
	at org.junit.jupiter.engine.descriptor.ClassBasedTestDescriptor.instantiateAndPostProcessTestInstance(ClassBasedTestDescriptor.java:289) ~[junit-jupiter-engine-5.10.3.jar:5.10.3]
	at org.junit.jupiter.engine.descriptor.ClassBasedTestDescriptor.lambda$testInstancesProvider$4(ClassBasedTestDescriptor.java:279) ~[junit-jupiter-engine-5.10.3.jar:5.10.3]
	at java.base/java.util.Optional.orElseGet(Optional.java:364) ~[na:na]
	at org.junit.jupiter.engine.descriptor.ClassBasedTestDescriptor.lambda$testInstancesProvider$5(ClassBasedTestDescriptor.java:278) ~[junit-jupiter-engine-5.10.3.jar:5.10.3]
	at org.junit.jupiter.engine.execution.TestInstancesProvider.getTestInstances(TestInstancesProvider.java:31) ~[junit-jupiter-engine-5.10.3.jar:5.10.3]
	at org.junit.jupiter.engine.descriptor.TestMethodTestDescriptor.lambda$prepare$0(TestMethodTestDescriptor.java:106) ~[junit-jupiter-engine-5.10.3.jar:5.10.3]
	at org.junit.platform.engine.support.hierarchical.ThrowableCollector.execute(ThrowableCollector.java:73) ~[junit-platform-engine-1.10.3.jar:1.10.3]
	at org.junit.jupiter.engine.descriptor.TestMethodTestDescriptor.prepare(TestMethodTestDescriptor.java:105) ~[junit-jupiter-engine-5.10.3.jar:5.10.3]
	at org.junit.jupiter.engine.descriptor.TestMethodTestDescriptor.prepare(TestMethodTestDescriptor.java:69) ~[junit-jupiter-engine-5.10.3.jar:5.10.3]
	at org.junit.platform.engine.support.hierarchical.NodeTestTask.lambda$prepare$2(NodeTestTask.java:123) ~[junit-platform-engine-1.10.3.jar:1.10.3]
	at org.junit.platform.engine.support.hierarchical.ThrowableCollector.execute(ThrowableCollector.java:73) ~[junit-platform-engine-1.10.3.jar:1.10.3]
	at org.junit.platform.engine.support.hierarchical.NodeTestTask.prepare(NodeTestTask.java:123) ~[junit-platform-engine-1.10.3.jar:1.10.3]
	at org.junit.platform.engine.support.hierarchical.NodeTestTask.execute(NodeTestTask.java:90) ~[junit-platform-engine-1.10.3.jar:1.10.3]
	at java.base/java.util.ArrayList.forEach(ArrayList.java:1511) ~[na:na]
	at org.junit.platform.engine.support.hierarchical.SameThreadHierarchicalTestExecutorService.invokeAll(SameThreadHierarchicalTestExecutorService.java:41) ~[junit-platform-engine-1.10.3.jar:1.10.3]
	at org.junit.platform.engine.support.hierarchical.NodeTestTask.lambda$executeRecursively$6(NodeTestTask.java:155) ~[junit-platform-engine-1.10.3.jar:1.10.3]
	at org.junit.platform.engine.support.hierarchical.ThrowableCollector.execute(ThrowableCollector.java:73) ~[junit-platform-engine-1.10.3.jar:1.10.3]
	at org.junit.platform.engine.support.hierarchical.NodeTestTask.lambda$executeRecursively$8(NodeTestTask.java:141) ~[junit-platform-engine-1.10.3.jar:1.10.3]
	at org.junit.platform.engine.support.hierarchical.Node.around(Node.java:137) ~[junit-platform-engine-1.10.3.jar:1.10.3]
	at org.junit.platform.engine.support.hierarchical.NodeTestTask.lambda$executeRecursively$9(NodeTestTask.java:139) ~[junit-platform-engine-1.10.3.jar:1.10.3]
	at org.junit.platform.engine.support.hierarchical.ThrowableCollector.execute(ThrowableCollector.java:73) ~[junit-platform-engine-1.10.3.jar:1.10.3]
	at org.junit.platform.engine.support.hierarchical.NodeTestTask.executeRecursively(NodeTestTask.java:138) ~[junit-platform-engine-1.10.3.jar:1.10.3]
	at org.junit.platform.engine.support.hierarchical.NodeTestTask.execute(NodeTestTask.java:95) ~[junit-platform-engine-1.10.3.jar:1.10.3]
	at java.base/java.util.ArrayList.forEach(ArrayList.java:1511) ~[na:na]
	at org.junit.platform.engine.support.hierarchical.SameThreadHierarchicalTestExecutorService.invokeAll(SameThreadHierarchicalTestExecutorService.java:41) ~[junit-platform-engine-1.10.3.jar:1.10.3]
	at org.junit.platform.engine.support.hierarchical.NodeTestTask.lambda$executeRecursively$6(NodeTestTask.java:155) ~[junit-platform-engine-1.10.3.jar:1.10.3]
	at org.junit.platform.engine.support.hierarchical.ThrowableCollector.execute(ThrowableCollector.java:73) ~[junit-platform-engine-1.10.3.jar:1.10.3]
	at org.junit.platform.engine.support.hierarchical.NodeTestTask.lambda$executeRecursively$8(NodeTestTask.java:141) ~[junit-platform-engine-1.10.3.jar:1.10.3]
	at org.junit.platform.engine.support.hierarchical.Node.around(Node.java:137) ~[junit-platform-engine-1.10.3.jar:1.10.3]
	at org.junit.platform.engine.support.hierarchical.NodeTestTask.lambda$executeRecursively$9(NodeTestTask.java:139) ~[junit-platform-engine-1.10.3.jar:1.10.3]
	at org.junit.platform.engine.support.hierarchical.ThrowableCollector.execute(ThrowableCollector.java:73) ~[junit-platform-engine-1.10.3.jar:1.10.3]
	at org.junit.platform.engine.support.hierarchical.NodeTestTask.executeRecursively(NodeTestTask.java:138) ~[junit-platform-engine-1.10.3.jar:1.10.3]
	at org.junit.platform.engine.support.hierarchical.NodeTestTask.execute(NodeTestTask.java:95) ~[junit-platform-engine-1.10.3.jar:1.10.3]
	at org.junit.platform.engine.support.hierarchical.SameThreadHierarchicalTestExecutorService.submit(SameThreadHierarchicalTestExecutorService.java:35) ~[junit-platform-engine-1.10.3.jar:1.10.3]
	at org.junit.platform.engine.support.hierarchical.HierarchicalTestExecutor.execute(HierarchicalTestExecutor.java:57) ~[junit-platform-engine-1.10.3.jar:1.10.3]
	at org.junit.platform.engine.support.hierarchical.HierarchicalTestEngine.execute(HierarchicalTestEngine.java:54) ~[junit-platform-engine-1.10.3.jar:1.10.3]
	at org.junit.platform.launcher.core.EngineExecutionOrchestrator.execute(EngineExecutionOrchestrator.java:198) ~[junit-platform-launcher-1.10.3.jar:1.10.3]
	at org.junit.platform.launcher.core.EngineExecutionOrchestrator.execute(EngineExecutionOrchestrator.java:169) ~[junit-platform-launcher-1.10.3.jar:1.10.3]
	at org.junit.platform.launcher.core.EngineExecutionOrchestrator.execute(EngineExecutionOrchestrator.java:93) ~[junit-platform-launcher-1.10.3.jar:1.10.3]
	at org.junit.platform.launcher.core.EngineExecutionOrchestrator.lambda$execute$0(EngineExecutionOrchestrator.java:58) ~[junit-platform-launcher-1.10.3.jar:1.10.3]
	at org.junit.platform.launcher.core.EngineExecutionOrchestrator.withInterceptedStreams(EngineExecutionOrchestrator.java:141) ~[junit-platform-launcher-1.10.3.jar:1.10.3]
	at org.junit.platform.launcher.core.EngineExecutionOrchestrator.execute(EngineExecutionOrchestrator.java:57) ~[junit-platform-launcher-1.10.3.jar:1.10.3]
	at org.junit.platform.launcher.core.DefaultLauncher.execute(DefaultLauncher.java:103) ~[junit-platform-launcher-1.10.3.jar:1.10.3]
	at org.junit.platform.launcher.core.DefaultLauncher.execute(DefaultLauncher.java:85) ~[junit-platform-launcher-1.10.3.jar:1.10.3]
	at org.junit.platform.launcher.core.DelegatingLauncher.execute(DelegatingLauncher.java:47) ~[junit-platform-launcher-1.10.3.jar:1.10.3]
	at org.apache.maven.surefire.junitplatform.LazyLauncher.execute(LazyLauncher.java:56) ~[surefire-junit-platform-3.1.2.jar:3.1.2]
	at org.apache.maven.surefire.junitplatform.JUnitPlatformProvider.execute(JUnitPlatformProvider.java:184) ~[surefire-junit-platform-3.1.2.jar:3.1.2]
	at org.apache.maven.surefire.junitplatform.JUnitPlatformProvider.invokeAllTests(JUnitPlatformProvider.java:148) ~[surefire-junit-platform-3.1.2.jar:3.1.2]
	at org.apache.maven.surefire.junitplatform.JUnitPlatformProvider.invoke(JUnitPlatformProvider.java:122) ~[surefire-junit-platform-3.1.2.jar:3.1.2]
	at org.apache.maven.surefire.booter.ForkedBooter.runSuitesInProcess(ForkedBooter.java:385) ~[surefire-booter-3.1.2.jar:3.1.2]
	at org.apache.maven.surefire.booter.ForkedBooter.execute(ForkedBooter.java:162) ~[surefire-booter-3.1.2.jar:3.1.2]
	at org.apache.maven.surefire.booter.ForkedBooter.run(ForkedBooter.java:507) ~[surefire-booter-3.1.2.jar:3.1.2]
	at org.apache.maven.surefire.booter.ForkedBooter.main(ForkedBooter.java:495) ~[surefire-booter-3.1.2.jar:3.1.2]
Caused by: org.springframework.beans.factory.BeanCreationException: Error creating bean with name 'stanfordCoreNLP' defined in class path resource [com/sriram/nerapplication/core/Pipeline.class]: Failed to instantiate [edu.stanford.nlp.pipeline.StanfordCoreNLP]: Factory method 'getInstance' threw exception with message: Error creating edu.stanford.nlp.time.TimeExpressionExtractorImpl
	at org.springframework.beans.factory.support.ConstructorResolver.instantiate(ConstructorResolver.java:648) ~[spring-beans-6.1.11.jar:6.1.11]
	at org.springframework.beans.factory.support.ConstructorResolver.instantiateUsingFactoryMethod(ConstructorResolver.java:485) ~[spring-beans-6.1.11.jar:6.1.11]
	at org.springframework.beans.factory.support.AbstractAutowireCapableBeanFactory.instantiateUsingFactoryMethod(AbstractAutowireCapableBeanFactory.java:1355) ~[spring-beans-6.1.11.jar:6.1.11]
	at org.springframework.beans.factory.support.AbstractAutowireCapableBeanFactory.createBeanInstance(AbstractAutowireCapableBeanFactory.java:1185) ~[spring-beans-6.1.11.jar:6.1.11]
	at org.springframework.beans.factory.support.AbstractAutowireCapableBeanFactory.doCreateBean(AbstractAutowireCapableBeanFactory.java:562) ~[spring-beans-6.1.11.jar:6.1.11]
	at org.springframework.beans.factory.support.AbstractAutowireCapableBeanFactory.createBean(AbstractAutowireCapableBeanFactory.java:522) ~[spring-beans-6.1.11.jar:6.1.11]
	at org.springframework.beans.factory.support.AbstractBeanFactory.lambda$doGetBean$0(AbstractBeanFactory.java:337) ~[spring-beans-6.1.11.jar:6.1.11]
	at org.springframework.beans.factory.support.DefaultSingletonBeanRegistry.getSingleton(DefaultSingletonBeanRegistry.java:234) ~[spring-beans-6.1.11.jar:6.1.11]
	at org.springframework.beans.factory.support.AbstractBeanFactory.doGetBean(AbstractBeanFactory.java:335) ~[spring-beans-6.1.11.jar:6.1.11]
	at org.springframework.beans.factory.support.AbstractBeanFactory.getBean(AbstractBeanFactory.java:200) ~[spring-beans-6.1.11.jar:6.1.11]
	at org.springframework.beans.factory.support.DefaultListableBeanFactory.preInstantiateSingletons(DefaultListableBeanFactory.java:975) ~[spring-beans-6.1.11.jar:6.1.11]
	at org.springframework.context.support.AbstractApplicationContext.finishBeanFactoryInitialization(AbstractApplicationContext.java:971) ~[spring-context-6.1.11.jar:6.1.11]
	at org.springframework.context.support.AbstractApplicationContext.refresh(AbstractApplicationContext.java:625) ~[spring-context-6.1.11.jar:6.1.11]
	at org.springframework.boot.SpringApplication.refresh(SpringApplication.java:754) ~[spring-boot-3.2.9-SNAPSHOT.jar:3.2.9-SNAPSHOT]
	at org.springframework.boot.SpringApplication.refreshContext(SpringApplication.java:456) ~[spring-boot-3.2.9-SNAPSHOT.jar:3.2.9-SNAPSHOT]
	at org.springframework.boot.SpringApplication.run(SpringApplication.java:335) ~[spring-boot-3.2.9-SNAPSHOT.jar:3.2.9-SNAPSHOT]
	at org.springframework.boot.test.context.SpringBootContextLoader.lambda$loadContext$3(SpringBootContextLoader.java:137) ~[spring-boot-test-3.2.9-SNAPSHOT.jar:3.2.9-SNAPSHOT]
	at org.springframework.util.function.ThrowingSupplier.get(ThrowingSupplier.java:58) ~[spring-core-6.1.11.jar:6.1.11]
	at org.springframework.util.function.ThrowingSupplier.get(ThrowingSupplier.java:46) ~[spring-core-6.1.11.jar:6.1.11]
	at org.springframework.boot.SpringApplication.withHook(SpringApplication.java:1463) ~[spring-boot-3.2.9-SNAPSHOT.jar:3.2.9-SNAPSHOT]
	at org.springframework.boot.test.context.SpringBootContextLoader$ContextLoaderHook.run(SpringBootContextLoader.java:553) ~[spring-boot-test-3.2.9-SNAPSHOT.jar:3.2.9-SNAPSHOT]
	at org.springframework.boot.test.context.SpringBootContextLoader.loadContext(SpringBootContextLoader.java:137) ~[spring-boot-test-3.2.9-SNAPSHOT.jar:3.2.9-SNAPSHOT]
	at org.springframework.boot.test.context.SpringBootContextLoader.loadContext(SpringBootContextLoader.java:108) ~[spring-boot-test-3.2.9-SNAPSHOT.jar:3.2.9-SNAPSHOT]
	at org.springframework.test.context.cache.DefaultCacheAwareContextLoaderDelegate.loadContextInternal(DefaultCacheAwareContextLoaderDelegate.java:225) ~[spring-test-6.1.11.jar:6.1.11]
	at org.springframework.test.context.cache.DefaultCacheAwareContextLoaderDelegate.loadContext(DefaultCacheAwareContextLoaderDelegate.java:152) ~[spring-test-6.1.11.jar:6.1.11]
	... 73 common frames omitted
Caused by: org.springframework.beans.BeanInstantiationException: Failed to instantiate [edu.stanford.nlp.pipeline.StanfordCoreNLP]: Factory method 'getInstance' threw exception with message: Error creating edu.stanford.nlp.time.TimeExpressionExtractorImpl
	at org.springframework.beans.factory.support.SimpleInstantiationStrategy.instantiate(SimpleInstantiationStrategy.java:178) ~[spring-beans-6.1.11.jar:6.1.11]
	at org.springframework.beans.factory.support.ConstructorResolver.instantiate(ConstructorResolver.java:644) ~[spring-beans-6.1.11.jar:6.1.11]
	... 97 common frames omitted
Caused by: edu.stanford.nlp.util.ReflectionLoading$ReflectionLoadingException: Error creating edu.stanford.nlp.time.TimeExpressionExtractorImpl
	at edu.stanford.nlp.util.ReflectionLoading.loadByReflection(ReflectionLoading.java:38) ~[stanford-corenlp-3.9.2.jar:3.9.2]
	at edu.stanford.nlp.time.TimeExpressionExtractorFactory.create(TimeExpressionExtractorFactory.java:60) ~[stanford-corenlp-3.9.2.jar:3.9.2]
	at edu.stanford.nlp.time.TimeExpressionExtractorFactory.createExtractor(TimeExpressionExtractorFactory.java:43) ~[stanford-corenlp-3.9.2.jar:3.9.2]
	at edu.stanford.nlp.ie.regexp.NumberSequenceClassifier.<init>(NumberSequenceClassifier.java:86) ~[stanford-corenlp-3.9.2.jar:3.9.2]
	at edu.stanford.nlp.ie.NERClassifierCombiner.<init>(NERClassifierCombiner.java:116) ~[stanford-corenlp-3.9.2.jar:3.9.2]
	at edu.stanford.nlp.pipeline.NERCombinerAnnotator.<init>(NERCombinerAnnotator.java:125) ~[stanford-corenlp-3.9.2.jar:3.9.2]
	at edu.stanford.nlp.pipeline.AnnotatorImplementations.ner(AnnotatorImplementations.java:68) ~[stanford-corenlp-3.9.2.jar:3.9.2]
	at edu.stanford.nlp.pipeline.StanfordCoreNLP.lambda$getNamedAnnotators$5(StanfordCoreNLP.java:523) ~[stanford-corenlp-3.9.2.jar:3.9.2]
	at edu.stanford.nlp.pipeline.StanfordCoreNLP.lambda$null$30(StanfordCoreNLP.java:602) ~[stanford-corenlp-3.9.2.jar:3.9.2]
	at edu.stanford.nlp.util.Lazy$3.compute(Lazy.java:126) ~[stanford-corenlp-3.9.2.jar:3.9.2]
	at edu.stanford.nlp.util.Lazy.get(Lazy.java:31) ~[stanford-corenlp-3.9.2.jar:3.9.2]
	at edu.stanford.nlp.pipeline.AnnotatorPool.get(AnnotatorPool.java:149) ~[stanford-corenlp-3.9.2.jar:3.9.2]
	at edu.stanford.nlp.pipeline.StanfordCoreNLP.<init>(StanfordCoreNLP.java:251) ~[stanford-corenlp-3.9.2.jar:3.9.2]
	at edu.stanford.nlp.pipeline.StanfordCoreNLP.<init>(StanfordCoreNLP.java:192) ~[stanford-corenlp-3.9.2.jar:3.9.2]
	at edu.stanford.nlp.pipeline.StanfordCoreNLP.<init>(StanfordCoreNLP.java:188) ~[stanford-corenlp-3.9.2.jar:3.9.2]
	at com.sriram.nerapplication.core.Pipeline.getInstance(Pipeline.java:29) ~[classes/:na]
	at java.base/jdk.internal.reflect.NativeMethodAccessorImpl.invoke0(Native Method) ~[na:na]
	at java.base/jdk.internal.reflect.NativeMethodAccessorImpl.invoke(NativeMethodAccessorImpl.java:77) ~[na:na]
	at java.base/jdk.internal.reflect.DelegatingMethodAccessorImpl.invoke(DelegatingMethodAccessorImpl.java:43) ~[na:na]
	at java.base/java.lang.reflect.Method.invoke(Method.java:568) ~[na:na]
	at org.springframework.beans.factory.support.SimpleInstantiationStrategy.instantiate(SimpleInstantiationStrategy.java:146) ~[spring-beans-6.1.11.jar:6.1.11]
	... 98 common frames omitted
Caused by: edu.stanford.nlp.util.MetaClass$ClassCreationException: MetaClass couldn't create public edu.stanford.nlp.time.TimeExpressionExtractorImpl(java.lang.String,java.util.Properties) with args [sutime, {}]
	at edu.stanford.nlp.util.MetaClass$ClassFactory.createInstance(MetaClass.java:237) ~[stanford-corenlp-3.9.2.jar:3.9.2]
	at edu.stanford.nlp.util.MetaClass.createInstance(MetaClass.java:382) ~[stanford-corenlp-3.9.2.jar:3.9.2]
	at edu.stanford.nlp.util.ReflectionLoading.loadByReflection(ReflectionLoading.java:36) ~[stanford-corenlp-3.9.2.jar:3.9.2]
	... 118 common frames omitted
Caused by: java.lang.reflect.InvocationTargetException: null
	at java.base/jdk.internal.reflect.NativeConstructorAccessorImpl.newInstance0(Native Method) ~[na:na]
	at java.base/jdk.internal.reflect.NativeConstructorAccessorImpl.newInstance(NativeConstructorAccessorImpl.java:77) ~[na:na]
	at java.base/jdk.internal.reflect.DelegatingConstructorAccessorImpl.newInstance(DelegatingConstructorAccessorImpl.java:45) ~[na:na]
	at java.base/java.lang.reflect.Constructor.newInstanceWithCaller(Constructor.java:499) ~[na:na]
	at java.base/java.lang.reflect.Constructor.newInstance(Constructor.java:480) ~[na:na]
	at edu.stanford.nlp.util.MetaClass$ClassFactory.createInstance(MetaClass.java:233) ~[stanford-corenlp-3.9.2.jar:3.9.2]
	... 120 common frames omitted
Caused by: java.lang.RuntimeException: Error initializing binder 1
	at edu.stanford.nlp.time.Options.<init>(Options.java:121) ~[stanford-corenlp-3.9.2.jar:3.9.2]
	at edu.stanford.nlp.time.TimeExpressionExtractorImpl.init(TimeExpressionExtractorImpl.java:44) ~[stanford-corenlp-3.9.2.jar:3.9.2]
	at edu.stanford.nlp.time.TimeExpressionExtractorImpl.<init>(TimeExpressionExtractorImpl.java:39) ~[stanford-corenlp-3.9.2.jar:3.9.2]
	... 126 common frames omitted
Caused by: java.lang.IllegalStateException: Cannot instantiate configuration.
	at de.jollyday.datasource.impl.XmlFileDataSource.getConfiguration(XmlFileDataSource.java:39) ~[jollyday-0.4.9.jar:na]
	at de.jollyday.impl.DefaultHolidayManager.doInit(DefaultHolidayManager.java:239) ~[jollyday-0.4.9.jar:na]
	at de.jollyday.HolidayManager.init(HolidayManager.java:319) ~[jollyday-0.4.9.jar:na]
	at de.jollyday.caching.HolidayManagerValueHandler.createValue(HolidayManagerValueHandler.java:44) ~[jollyday-0.4.9.jar:na]
	at de.jollyday.caching.HolidayManagerValueHandler.createValue(HolidayManagerValueHandler.java:13) ~[jollyday-0.4.9.jar:na]
	at de.jollyday.util.Cache.get(Cache.java:51) ~[jollyday-0.4.9.jar:na]
	at de.jollyday.HolidayManager.createManager(HolidayManager.java:168) ~[jollyday-0.4.9.jar:na]
	at de.jollyday.HolidayManager.getInstance(HolidayManager.java:148) ~[jollyday-0.4.9.jar:na]
	at edu.stanford.nlp.time.JollyDayHolidays.init(JollyDayHolidays.java:57) ~[stanford-corenlp-3.9.2.jar:3.9.2]
	at edu.stanford.nlp.time.Options.<init>(Options.java:119) ~[stanford-corenlp-3.9.2.jar:3.9.2]
	... 128 common frames omitted
Caused by: java.lang.IllegalStateException: Cannot parse holidays XML file.
	at de.jollyday.util.XMLUtil.unmarshallConfiguration(XMLUtil.java:78) ~[jollyday-0.4.9.jar:na]
	at de.jollyday.datasource.impl.XmlFileDataSource.getConfiguration(XmlFileDataSource.java:37) ~[jollyday-0.4.9.jar:na]
	... 137 common frames omitted
Caused by: javax.xml.bind.JAXBException: Implementation of JAXB-API has not been found on module path or classpath.
	at javax.xml.bind.ContextFinder.newInstance(ContextFinder.java:168) ~[jaxb-api-2.4.0-b180830.0359.jar:2.3.0]
	at javax.xml.bind.ContextFinder.find(ContextFinder.java:355) ~[jaxb-api-2.4.0-b180830.0359.jar:2.3.0]
	at javax.xml.bind.JAXBContext.newInstance(JAXBContext.java:508) ~[jaxb-api-2.4.0-b180830.0359.jar:2.3.0]
	at javax.xml.bind.JAXBContext.newInstance(JAXBContext.java:465) ~[jaxb-api-2.4.0-b180830.0359.jar:2.3.0]
	at de.jollyday.util.XMLUtil$JAXBContextCreator.create(XMLUtil.java:170) ~[jollyday-0.4.9.jar:na]
	at de.jollyday.util.XMLUtil.unmarshallConfiguration(XMLUtil.java:71) ~[jollyday-0.4.9.jar:na]
	... 138 common frames omitted
Caused by: java.lang.ClassNotFoundException: com.sun.xml.bind.v2.ContextFactory
	at java.base/jdk.internal.loader.BuiltinClassLoader.loadClass(BuiltinClassLoader.java:641) ~[na:na]
	at java.base/jdk.internal.loader.ClassLoaders$AppClassLoader.loadClass(ClassLoaders.java:188) ~[na:na]
	at java.base/java.lang.ClassLoader.loadClass(ClassLoader.java:520) ~[na:na]
	at javax.xml.bind.ServiceLoaderUtil.nullSafeLoadClass(ServiceLoaderUtil.java:122) ~[jaxb-api-2.4.0-b180830.0359.jar:2.3.0]
	at javax.xml.bind.ServiceLoaderUtil.safeLoadClass(ServiceLoaderUtil.java:155) ~[jaxb-api-2.4.0-b180830.0359.jar:2.3.0]
	at javax.xml.bind.ContextFinder.newInstance(ContextFinder.java:165) ~[jaxb-api-2.4.0-b180830.0359.jar:2.3.0]
	... 143 common frames omitted

]]></system-out>
    <system-err><![CDATA[


============================
CONDITIONS EVALUATION REPORT
============================


Positive matches:
-----------------

    None


Negative matches:
-----------------

    None


Exclusions:
-----------

    None


Unconditional classes:
----------------------

    None



]]></system-err>
  </testcase>
</testsuite>